
*** Running vivado
    with args -log top.vdi -applog -m64 -messageDb vivado.pb -mode batch -source top.tcl -notrace


****** Vivado v2016.1 (64-bit)
  **** SW Build 1538259 on Fri Apr  8 15:45:27 MDT 2016
  **** IP Build 1537824 on Fri Apr  8 04:28:57 MDT 2016
    ** Copyright 1986-2016 Xilinx, Inc. All Rights Reserved.

source top.tcl -notrace
Design is defaulting to srcset: sources_1
Design is defaulting to constrset: constrs_1
INFO: [Netlist 29-17] Analyzing 32 Unisim elements for replacement
INFO: [Netlist 29-28] Unisim Transformation completed in 0 CPU seconds
INFO: [Project 1-479] Netlist was created with Vivado 2016.1
INFO: [Device 21-403] Loading part xc7a35tcpg236-1
INFO: [Project 1-570] Preparing netlist for logic optimization
Parsing XDC File [D:/work/design/VHDL_Kurs/counter/impl/counter.srcs/constrs_1/new/counter_constr.xdc]
Finished Parsing XDC File [D:/work/design/VHDL_Kurs/counter/impl/counter.srcs/constrs_1/new/counter_constr.xdc]
INFO: [Opt 31-138] Pushed 0 inverter(s) to 0 load pin(s).
INFO: [Project 1-111] Unisim Transformation Summary:
No Unisim elements were transformed.

INFO: [Vivado_Tcl 4-424] Cannot write hardware definition file as there are no IPI block design hardware handoff files present
Command: opt_design
Attempting to get a license for feature 'Implementation' and/or device 'xc7a35t'
INFO: [Common 17-349] Got license for feature 'Implementation' and/or device 'xc7a35t'
Running DRC as a precondition to command opt_design

Starting DRC Task
INFO: [DRC 23-27] Running DRC with 2 threads
INFO: [Project 1-461] DRC finished with 0 Errors
INFO: [Project 1-462] Please refer to the DRC report (report_drc) for more information.

Time (s): cpu = 00:00:00 ; elapsed = 00:00:00.062 . Memory (MB): peak = 483.516 ; gain = 4.531
INFO: [Timing 38-35] Done setting XDC timing constraints.

Starting Logic Optimization Task
Implement Debug Cores | Checksum: 1a3842029

Phase 1 Retarget
INFO: [Opt 31-138] Pushed 0 inverter(s) to 0 load pin(s).
INFO: [Opt 31-49] Retargeted 0 cell(s).
Phase 1 Retarget | Checksum: 1a3842029

Time (s): cpu = 00:00:00 ; elapsed = 00:00:00.031 . Memory (MB): peak = 955.961 ; gain = 0.000

Phase 2 Constant Propagation
INFO: [Opt 31-138] Pushed 0 inverter(s) to 0 load pin(s).
INFO: [Opt 31-10] Eliminated 0 cells.
Phase 2 Constant Propagation | Checksum: 1a3842029

Time (s): cpu = 00:00:00 ; elapsed = 00:00:00.047 . Memory (MB): peak = 955.961 ; gain = 0.000

Phase 3 Sweep
INFO: [Opt 31-12] Eliminated 54 unconnected nets.
INFO: [Opt 31-11] Eliminated 0 unconnected cells.
Phase 3 Sweep | Checksum: 15c64e425

Time (s): cpu = 00:00:00 ; elapsed = 00:00:00.078 . Memory (MB): peak = 955.961 ; gain = 0.000

Starting Connectivity Check Task

Time (s): cpu = 00:00:00 ; elapsed = 00:00:00 . Memory (MB): peak = 955.961 ; gain = 0.000
Ending Logic Optimization Task | Checksum: 15c64e425

Time (s): cpu = 00:00:00 ; elapsed = 00:00:00.078 . Memory (MB): peak = 955.961 ; gain = 0.000

Starting Power Optimization Task
INFO: [Pwropt 34-132] Skipping clock gating for clocks with a period < 2.00 ns.
Ending Power Optimization Task | Checksum: 15c64e425

Time (s): cpu = 00:00:00 ; elapsed = 00:00:00 . Memory (MB): peak = 955.961 ; gain = 0.000
INFO: [Common 17-83] Releasing license: Implementation
21 Infos, 0 Warnings, 0 Critical Warnings and 0 Errors encountered.
opt_design completed successfully
opt_design: Time (s): cpu = 00:00:07 ; elapsed = 00:00:08 . Memory (MB): peak = 955.961 ; gain = 476.977
Writing placer database...
Writing XDEF routing.
Writing XDEF routing logical nets.
Writing XDEF routing special nets.
Write XDEF Complete: Time (s): cpu = 00:00:01 ; elapsed = 00:00:00.031 . Memory (MB): peak = 955.961 ; gain = 0.000
INFO: [DRC 23-27] Running DRC with 2 threads
INFO: [Coretcl 2-168] The results of DRC are in file D:/work/design/VHDL_Kurs/counter/impl/counter.runs/impl_1/top_drc_opted.rpt.
INFO: [Chipscope 16-241] No debug cores found in the current design.
Before running the implement_debug_core command, either use the Set Up Debug wizard (GUI mode)
or use the create_debug_core and connect_debug_core Tcl commands to insert debug cores into the design.
Command: place_design
Attempting to get a license for feature 'Implementation' and/or device 'xc7a35t'
INFO: [Common 17-349] Got license for feature 'Implementation' and/or device 'xc7a35t'
INFO: [DRC 23-27] Running DRC with 2 threads
INFO: [Vivado_Tcl 4-198] DRC finished with 0 Errors
INFO: [Vivado_Tcl 4-199] Please refer to the DRC report (report_drc) for more information.
Running DRC as a precondition to command place_design
INFO: [DRC 23-27] Running DRC with 2 threads
INFO: [Vivado_Tcl 4-198] DRC finished with 0 Errors
INFO: [Vivado_Tcl 4-199] Please refer to the DRC report (report_drc) for more information.

Starting Placer Task
INFO: [Place 30-611] Multithreading enabled for place_design using a maximum of 2 CPUs

Phase 1 Placer Initialization
Netlist sorting complete. Time (s): cpu = 00:00:00 ; elapsed = 00:00:00 . Memory (MB): peak = 955.961 ; gain = 0.000
Netlist sorting complete. Time (s): cpu = 00:00:00 ; elapsed = 00:00:00 . Memory (MB): peak = 955.961 ; gain = 0.000

Phase 1.1 IO Placement/ Clock Placement/ Build Placer Device

Phase 1.1.1 Pre-Place Cells
Phase 1.1.1 Pre-Place Cells | Checksum: 3347e1fc

Time (s): cpu = 00:00:00 ; elapsed = 00:00:00.031 . Memory (MB): peak = 955.961 ; gain = 0.000
INFO: [Timing 38-35] Done setting XDC timing constraints.

Phase 1.1.2 IO and Clk Clean Up
Phase 1.1.2 IO and Clk Clean Up | Checksum: 3347e1fc

Time (s): cpu = 00:00:00 ; elapsed = 00:00:00.515 . Memory (MB): peak = 970.074 ; gain = 14.113

Phase 1.1.3 Implementation Feasibility check On IDelay
Phase 1.1.3 Implementation Feasibility check On IDelay | Checksum: 3347e1fc

Time (s): cpu = 00:00:00 ; elapsed = 00:00:00.515 . Memory (MB): peak = 970.074 ; gain = 14.113

Phase 1.1.4 Commit IO Placement
Phase 1.1.4 Commit IO Placement | Checksum: bb116b0f

Time (s): cpu = 00:00:00 ; elapsed = 00:00:00.515 . Memory (MB): peak = 970.074 ; gain = 14.113
Phase 1.1 IO Placement/ Clock Placement/ Build Placer Device | Checksum: 12c00c012

Time (s): cpu = 00:00:00 ; elapsed = 00:00:00.515 . Memory (MB): peak = 970.074 ; gain = 14.113

Phase 1.2 Build Placer Netlist Model

Phase 1.2.1 Place Init Design

Phase 1.2.1.1 Init Lut Pin Assignment
Phase 1.2.1.1 Init Lut Pin Assignment | Checksum: 1d439603b

Time (s): cpu = 00:00:00 ; elapsed = 00:00:00.546 . Memory (MB): peak = 970.074 ; gain = 14.113
Phase 1.2.1 Place Init Design | Checksum: 1debc80ac

Time (s): cpu = 00:00:00 ; elapsed = 00:00:00.624 . Memory (MB): peak = 970.074 ; gain = 14.113
Phase 1.2 Build Placer Netlist Model | Checksum: 1debc80ac

Time (s): cpu = 00:00:00 ; elapsed = 00:00:00.624 . Memory (MB): peak = 970.074 ; gain = 14.113

Phase 1.3 Constrain Clocks/Macros
Phase 1.3 Constrain Clocks/Macros | Checksum: 1debc80ac

Time (s): cpu = 00:00:00 ; elapsed = 00:00:00.624 . Memory (MB): peak = 970.074 ; gain = 14.113
Phase 1 Placer Initialization | Checksum: 1debc80ac

Time (s): cpu = 00:00:00 ; elapsed = 00:00:00.624 . Memory (MB): peak = 970.074 ; gain = 14.113

Phase 2 Global Placement
Phase 2 Global Placement | Checksum: 1db9535da

Time (s): cpu = 00:00:01 ; elapsed = 00:00:00.796 . Memory (MB): peak = 970.074 ; gain = 14.113

Phase 3 Detail Placement

Phase 3.1 Commit Multi Column Macros
Phase 3.1 Commit Multi Column Macros | Checksum: 1db9535da

Time (s): cpu = 00:00:01 ; elapsed = 00:00:00.796 . Memory (MB): peak = 970.074 ; gain = 14.113

Phase 3.2 Commit Most Macros & LUTRAMs
Phase 3.2 Commit Most Macros & LUTRAMs | Checksum: 1cceddd82

Time (s): cpu = 00:00:01 ; elapsed = 00:00:00.843 . Memory (MB): peak = 970.074 ; gain = 14.113

Phase 3.3 Area Swap Optimization
Phase 3.3 Area Swap Optimization | Checksum: 17036865d

Time (s): cpu = 00:00:01 ; elapsed = 00:00:00.859 . Memory (MB): peak = 970.074 ; gain = 14.113

Phase 3.4 updateClock Trees: DP
Phase 3.4 updateClock Trees: DP | Checksum: 17036865d

Time (s): cpu = 00:00:01 ; elapsed = 00:00:00.859 . Memory (MB): peak = 970.074 ; gain = 14.113

Phase 3.5 Timing Path Optimizer
Phase 3.5 Timing Path Optimizer | Checksum: 126e60440

Time (s): cpu = 00:00:01 ; elapsed = 00:00:00.874 . Memory (MB): peak = 970.074 ; gain = 14.113

Phase 3.6 Fast Optimization
Phase 3.6 Fast Optimization | Checksum: 126e60440

Time (s): cpu = 00:00:01 ; elapsed = 00:00:00.874 . Memory (MB): peak = 970.074 ; gain = 14.113

Phase 3.7 Small Shape Detail Placement
Phase 3.7 Small Shape Detail Placement | Checksum: cfb2fe2d

Time (s): cpu = 00:00:01 ; elapsed = 00:00:00.984 . Memory (MB): peak = 970.074 ; gain = 14.113

Phase 3.8 Re-assign LUT pins
Phase 3.8 Re-assign LUT pins | Checksum: 1537ef051

Time (s): cpu = 00:00:01 ; elapsed = 00:00:00.999 . Memory (MB): peak = 970.074 ; gain = 14.113

Phase 3.9 Pipeline Register Optimization
Phase 3.9 Pipeline Register Optimization | Checksum: 1537ef051

Time (s): cpu = 00:00:01 ; elapsed = 00:00:00.999 . Memory (MB): peak = 970.074 ; gain = 14.113

Phase 3.10 Fast Optimization
Phase 3.10 Fast Optimization | Checksum: 1537ef051

Time (s): cpu = 00:00:01 ; elapsed = 00:00:01 . Memory (MB): peak = 970.074 ; gain = 14.113
Phase 3 Detail Placement | Checksum: 1537ef051

Time (s): cpu = 00:00:01 ; elapsed = 00:00:01 . Memory (MB): peak = 970.074 ; gain = 14.113

Phase 4 Post Placement Optimization and Clean-Up

Phase 4.1 Post Commit Optimization
INFO: [Timing 38-35] Done setting XDC timing constraints.

Phase 4.1.1 updateClock Trees: PCOPT
Phase 4.1.1 updateClock Trees: PCOPT | Checksum: 1639087ec

Time (s): cpu = 00:00:01 ; elapsed = 00:00:01 . Memory (MB): peak = 970.074 ; gain = 14.113

Phase 4.1.2 Post Placement Optimization
INFO: [Place 30-746] Post Placement Timing Summary WNS=4.290. For the most accurate timing information please run report_timing.
Phase 4.1.2 Post Placement Optimization | Checksum: 2525f2851

Time (s): cpu = 00:00:01 ; elapsed = 00:00:01 . Memory (MB): peak = 970.074 ; gain = 14.113
Phase 4.1 Post Commit Optimization | Checksum: 2525f2851

Time (s): cpu = 00:00:01 ; elapsed = 00:00:01 . Memory (MB): peak = 970.074 ; gain = 14.113

Phase 4.2 Sweep Clock Roots: Post-Placement
Phase 4.2 Sweep Clock Roots: Post-Placement | Checksum: 2525f2851

Time (s): cpu = 00:00:01 ; elapsed = 00:00:01 . Memory (MB): peak = 970.074 ; gain = 14.113

Phase 4.3 Post Placement Cleanup
Phase 4.3 Post Placement Cleanup | Checksum: 2525f2851

Time (s): cpu = 00:00:01 ; elapsed = 00:00:01 . Memory (MB): peak = 970.074 ; gain = 14.113

Phase 4.4 Placer Reporting
Phase 4.4 Placer Reporting | Checksum: 2525f2851

Time (s): cpu = 00:00:01 ; elapsed = 00:00:01 . Memory (MB): peak = 970.074 ; gain = 14.113

Phase 4.5 Final Placement Cleanup
Phase 4.5 Final Placement Cleanup | Checksum: 26a1794a4

Time (s): cpu = 00:00:01 ; elapsed = 00:00:01 . Memory (MB): peak = 970.074 ; gain = 14.113
Phase 4 Post Placement Optimization and Clean-Up | Checksum: 26a1794a4

Time (s): cpu = 00:00:01 ; elapsed = 00:00:01 . Memory (MB): peak = 970.074 ; gain = 14.113
Ending Placer Task | Checksum: 17bfa9cc1

Time (s): cpu = 00:00:01 ; elapsed = 00:00:01 . Memory (MB): peak = 970.074 ; gain = 14.113
INFO: [Common 17-83] Releasing license: Implementation
36 Infos, 0 Warnings, 0 Critical Warnings and 0 Errors encountered.
place_design completed successfully
Writing placer database...
Writing XDEF routing.
Writing XDEF routing logical nets.
Writing XDEF routing special nets.
Write XDEF Complete: Time (s): cpu = 00:00:00 ; elapsed = 00:00:00.047 . Memory (MB): peak = 970.074 ; gain = 0.000
report_io: Time (s): cpu = 00:00:00 ; elapsed = 00:00:00.032 . Memory (MB): peak = 970.074 ; gain = 0.000
report_utilization: Time (s): cpu = 00:00:00 ; elapsed = 00:00:00.015 . Memory (MB): peak = 970.074 ; gain = 0.000
report_control_sets: Time (s): cpu = 00:00:00 ; elapsed = 00:00:00 . Memory (MB): peak = 970.074 ; gain = 0.000
Command: route_design
Attempting to get a license for feature 'Implementation' and/or device 'xc7a35t'
INFO: [Common 17-349] Got license for feature 'Implementation' and/or device 'xc7a35t'
Running DRC as a precondition to command route_design
INFO: [DRC 23-27] Running DRC with 2 threads
INFO: [Vivado_Tcl 4-198] DRC finished with 0 Errors
INFO: [Vivado_Tcl 4-199] Please refer to the DRC report (report_drc) for more information.


Starting Routing Task
INFO: [Route 35-254] Multithreading enabled for route_design using a maximum of 2 CPUs
Checksum: PlaceDB: 93eb6f45 ConstDB: 0 ShapeSum: e80f2d7c RouteDB: 0

Phase 1 Build RT Design
Phase 1 Build RT Design | Checksum: 189844d5d

Time (s): cpu = 00:00:16 ; elapsed = 00:00:15 . Memory (MB): peak = 1072.547 ; gain = 102.473

Phase 2 Router Initialization

Phase 2.1 Create Timer
Phase 2.1 Create Timer | Checksum: 189844d5d

Time (s): cpu = 00:00:16 ; elapsed = 00:00:15 . Memory (MB): peak = 1072.547 ; gain = 102.473

Phase 2.2 Fix Topology Constraints
Phase 2.2 Fix Topology Constraints | Checksum: 189844d5d

Time (s): cpu = 00:00:16 ; elapsed = 00:00:15 . Memory (MB): peak = 1072.547 ; gain = 102.473

Phase 2.3 Pre Route Cleanup
Phase 2.3 Pre Route Cleanup | Checksum: 189844d5d

Time (s): cpu = 00:00:16 ; elapsed = 00:00:15 . Memory (MB): peak = 1072.547 ; gain = 102.473
 Number of Nodes with overlaps = 0

Phase 2.4 Update Timing
Phase 2.4 Update Timing | Checksum: 171b938e5

Time (s): cpu = 00:00:16 ; elapsed = 00:00:15 . Memory (MB): peak = 1072.547 ; gain = 102.473
INFO: [Route 35-416] Intermediate Timing Summary | WNS=4.362  | TNS=0.000  | WHS=-0.078 | THS=-1.302 |

Phase 2 Router Initialization | Checksum: 216d9dd1b

Time (s): cpu = 00:00:17 ; elapsed = 00:00:15 . Memory (MB): peak = 1072.547 ; gain = 102.473

Phase 3 Initial Routing
Phase 3 Initial Routing | Checksum: 15b23c0d5

Time (s): cpu = 00:00:17 ; elapsed = 00:00:15 . Memory (MB): peak = 1072.547 ; gain = 102.473

Phase 4 Rip-up And Reroute

Phase 4.1 Global Iteration 0
 Number of Nodes with overlaps = 18
 Number of Nodes with overlaps = 0

Phase 4.1.1 Update Timing
Phase 4.1.1 Update Timing | Checksum: 28ad70a62

Time (s): cpu = 00:00:17 ; elapsed = 00:00:15 . Memory (MB): peak = 1072.547 ; gain = 102.473
INFO: [Route 35-416] Intermediate Timing Summary | WNS=3.755  | TNS=0.000  | WHS=N/A    | THS=N/A    |

Phase 4.1 Global Iteration 0 | Checksum: 283d67d8c

Time (s): cpu = 00:00:17 ; elapsed = 00:00:15 . Memory (MB): peak = 1072.547 ; gain = 102.473
Phase 4 Rip-up And Reroute | Checksum: 283d67d8c

Time (s): cpu = 00:00:17 ; elapsed = 00:00:15 . Memory (MB): peak = 1072.547 ; gain = 102.473

Phase 5 Delay and Skew Optimization

Phase 5.1 Delay CleanUp

Phase 5.1.1 Update Timing
Phase 5.1.1 Update Timing | Checksum: 22d834bdd

Time (s): cpu = 00:00:17 ; elapsed = 00:00:15 . Memory (MB): peak = 1072.547 ; gain = 102.473
INFO: [Route 35-416] Intermediate Timing Summary | WNS=3.848  | TNS=0.000  | WHS=N/A    | THS=N/A    |

Phase 5.1 Delay CleanUp | Checksum: 22d834bdd

Time (s): cpu = 00:00:17 ; elapsed = 00:00:15 . Memory (MB): peak = 1072.547 ; gain = 102.473

Phase 5.2 Clock Skew Optimization
Phase 5.2 Clock Skew Optimization | Checksum: 22d834bdd

Time (s): cpu = 00:00:17 ; elapsed = 00:00:15 . Memory (MB): peak = 1072.547 ; gain = 102.473
Phase 5 Delay and Skew Optimization | Checksum: 22d834bdd

Time (s): cpu = 00:00:17 ; elapsed = 00:00:15 . Memory (MB): peak = 1072.547 ; gain = 102.473

Phase 6 Post Hold Fix

Phase 6.1 Hold Fix Iter

Phase 6.1.1 Update Timing
Phase 6.1.1 Update Timing | Checksum: 1c5a5be69

Time (s): cpu = 00:00:17 ; elapsed = 00:00:15 . Memory (MB): peak = 1072.547 ; gain = 102.473
INFO: [Route 35-416] Intermediate Timing Summary | WNS=3.848  | TNS=0.000  | WHS=0.204  | THS=0.000  |

Phase 6.1 Hold Fix Iter | Checksum: 1c5a5be69

Time (s): cpu = 00:00:17 ; elapsed = 00:00:15 . Memory (MB): peak = 1072.547 ; gain = 102.473
Phase 6 Post Hold Fix | Checksum: 1c5a5be69

Time (s): cpu = 00:00:17 ; elapsed = 00:00:15 . Memory (MB): peak = 1072.547 ; gain = 102.473

Phase 7 Route finalize

Router Utilization Summary
  Global Vertical Routing Utilization    = 0.0483138 %
  Global Horizontal Routing Utilization  = 0.0622072 %
  Routable Net Status*
  *Does not include unroutable nets such as driverless and loadless.
  Run report_route_status for detailed report.
  Number of Failed Nets               = 0
  Number of Unrouted Nets             = 0
  Number of Partially Routed Nets     = 0
  Number of Node Overlaps             = 0

Phase 7 Route finalize | Checksum: 1c812903a

Time (s): cpu = 00:00:17 ; elapsed = 00:00:15 . Memory (MB): peak = 1072.547 ; gain = 102.473

Phase 8 Verifying routed nets

 Verification completed successfully
Phase 8 Verifying routed nets | Checksum: 1c812903a

Time (s): cpu = 00:00:17 ; elapsed = 00:00:15 . Memory (MB): peak = 1072.547 ; gain = 102.473

Phase 9 Depositing Routes
Phase 9 Depositing Routes | Checksum: 134d0eb51

Time (s): cpu = 00:00:17 ; elapsed = 00:00:15 . Memory (MB): peak = 1072.547 ; gain = 102.473

Phase 10 Post Router Timing
INFO: [Route 35-57] Estimated Timing Summary | WNS=3.848  | TNS=0.000  | WHS=0.204  | THS=0.000  |

INFO: [Route 35-327] The final timing numbers are based on the router estimated timing analysis. For a complete and accurate timing signoff, please run report_timing_summary.
Phase 10 Post Router Timing | Checksum: 134d0eb51

Time (s): cpu = 00:00:17 ; elapsed = 00:00:15 . Memory (MB): peak = 1072.547 ; gain = 102.473
INFO: [Route 35-16] Router Completed Successfully

Time (s): cpu = 00:00:17 ; elapsed = 00:00:15 . Memory (MB): peak = 1072.547 ; gain = 102.473

Routing Is Done.
INFO: [Common 17-83] Releasing license: Implementation
49 Infos, 0 Warnings, 0 Critical Warnings and 0 Errors encountered.
route_design completed successfully
route_design: Time (s): cpu = 00:00:18 ; elapsed = 00:00:16 . Memory (MB): peak = 1072.547 ; gain = 102.473
Writing placer database...
Writing XDEF routing.
Writing XDEF routing logical nets.
Writing XDEF routing special nets.
Write XDEF Complete: Time (s): cpu = 00:00:00 ; elapsed = 00:00:00.047 . Memory (MB): peak = 1072.547 ; gain = 0.000
INFO: [DRC 23-27] Running DRC with 2 threads
INFO: [Coretcl 2-168] The results of DRC are in file D:/work/design/VHDL_Kurs/counter/impl/counter.runs/impl_1/top_drc_routed.rpt.
INFO: [Timing 38-91] UpdateTimingParams: Speed grade: -1, Delay Type: min_max.
INFO: [Timing 38-191] Multithreading enabled for timing update using a maximum of 2 CPUs
Running Vector-less Activity Propagation...

Finished Running Vector-less Activity Propagation
Attempting to get a license for feature 'Implementation' and/or device 'xc7a35t'
INFO: [Common 17-349] Got license for feature 'Implementation' and/or device 'xc7a35t'
Running DRC as a precondition to command write_bitstream
INFO: [DRC 23-27] Running DRC with 2 threads
INFO: [Vivado 12-3199] DRC finished with 0 Errors
INFO: [Vivado 12-3200] Please refer to the DRC report (report_drc) for more information.
INFO: [Designutils 20-2272] Running write_bitstream with 2 threads.
Loading data files...
Loading site data...
Loading route data...
Processing options...
Creating bitmap...
Creating bitstream...
Writing bitstream ./top.bit...
INFO: [Vivado 12-1842] Bitgen Completed Successfully.
INFO: [Project 1-118] WebTalk data collection is enabled (User setting is ON. Install Setting is ON.).
INFO: [Common 17-186] 'D:/work/design/VHDL_Kurs/counter/impl/counter.runs/impl_1/usage_statistics_webtalk.xml' has been successfully sent to Xilinx on Wed Oct 03 21:22:20 2018. For additional details about this file, please refer to the WebTalk help file at C:/Hardware_Design/Xilinx/Vivado/2016.1/doc/webtalk_introduction.html.
INFO: [Common 17-83] Releasing license: Implementation
write_bitstream: Time (s): cpu = 00:00:10 ; elapsed = 00:00:12 . Memory (MB): peak = 1397.426 ; gain = 324.879
INFO: [Vivado_Tcl 4-395] Unable to parse hwdef file top.hwdef
INFO: [Common 17-206] Exiting Vivado at Wed Oct 03 21:22:20 2018...
